2024-06-25 20:15:06,772:WARNING:
'cuml' is a soft dependency and not included in the pycaret installation. Please run: `pip install cuml` to install.
2024-06-25 20:15:06,773:WARNING:
'cuml' is a soft dependency and not included in the pycaret installation. Please run: `pip install cuml` to install.
2024-06-25 20:15:06,773:WARNING:
'cuml' is a soft dependency and not included in the pycaret installation. Please run: `pip install cuml` to install.
2024-06-25 20:15:06,773:WARNING:
'cuml' is a soft dependency and not included in the pycaret installation. Please run: `pip install cuml` to install.
2024-06-25 20:54:32,421:WARNING:C:\Users\User\AppData\Local\Temp\ipykernel_39280\3271203185.py:3: DtypeWarning: Columns (4) have mixed types. Specify dtype option on import or set low_memory=False.
  calendar = pd.read_csv("calendar.csv", parse_dates=['date'], index_col=['listing_id'])

2024-06-25 20:54:41,146:WARNING:c:\Users\User\OneDrive\Documentos\GitHub\Inside-Airbnb\.venv\Lib\site-packages\IPython\core\formatters.py:347: FutureWarning: Index.format is deprecated and will be removed in a future version. Convert using index.astype(str) or index.map(formatter) instead.
  return method()

2024-06-25 20:57:52,827:WARNING:c:\Users\User\OneDrive\Documentos\GitHub\Inside-Airbnb\.venv\Lib\site-packages\IPython\core\formatters.py:347: FutureWarning: Index.format is deprecated and will be removed in a future version. Convert using index.astype(str) or index.map(formatter) instead.
  return method()

2024-06-25 20:59:27,847:WARNING:C:\Users\User\AppData\Local\Temp\ipykernel_39280\1003855349.py:3: DtypeWarning: Columns (4) have mixed types. Specify dtype option on import or set low_memory=False.
  calendar = pd.read_csv("calendar.csv", parse_dates=['date'], index_col=['listing_id'])

2024-06-25 20:59:54,643:WARNING:c:\Users\User\OneDrive\Documentos\GitHub\Inside-Airbnb\.venv\Lib\site-packages\IPython\core\formatters.py:347: FutureWarning: Index.format is deprecated and will be removed in a future version. Convert using index.astype(str) or index.map(formatter) instead.
  return method()

2024-06-25 21:04:08,447:WARNING:C:\Users\User\AppData\Local\Temp\ipykernel_39280\887770224.py:3: DtypeWarning: Columns (4) have mixed types. Specify dtype option on import or set low_memory=False.
  calendar = pd.read_csv("calendar.csv", parse_dates=['date'], index_col=['listing_id'])

2024-06-25 21:04:20,501:WARNING:c:\Users\User\OneDrive\Documentos\GitHub\Inside-Airbnb\.venv\Lib\site-packages\IPython\core\formatters.py:347: FutureWarning: Index.format is deprecated and will be removed in a future version. Convert using index.astype(str) or index.map(formatter) instead.
  return method()

2024-06-25 21:09:41,816:WARNING:C:\Users\User\AppData\Local\Temp\ipykernel_39280\887770224.py:3: DtypeWarning: Columns (4) have mixed types. Specify dtype option on import or set low_memory=False.
  calendar = pd.read_csv("calendar.csv", parse_dates=['date'], index_col=['listing_id'])

2024-06-25 21:18:33,656:WARNING:C:\Users\User\AppData\Local\Temp\ipykernel_39280\887770224.py:3: DtypeWarning: Columns (4) have mixed types. Specify dtype option on import or set low_memory=False.
  calendar = pd.read_csv("calendar.csv", parse_dates=['date'], index_col=['listing_id'])

2024-06-25 21:18:44,507:WARNING:c:\Users\User\OneDrive\Documentos\GitHub\Inside-Airbnb\.venv\Lib\site-packages\IPython\core\formatters.py:347: FutureWarning: Index.format is deprecated and will be removed in a future version. Convert using index.astype(str) or index.map(formatter) instead.
  return method()

2024-06-25 21:30:39,383:WARNING:c:\Users\User\OneDrive\Documentos\GitHub\Inside-Airbnb\.venv\Lib\site-packages\IPython\core\formatters.py:347: FutureWarning: Index.format is deprecated and will be removed in a future version. Convert using index.astype(str) or index.map(formatter) instead.
  return method()

2024-06-25 21:37:58,499:WARNING:c:\Users\User\OneDrive\Documentos\GitHub\Inside-Airbnb\.venv\Lib\site-packages\IPython\core\formatters.py:347: FutureWarning: Index.format is deprecated and will be removed in a future version. Convert using index.astype(str) or index.map(formatter) instead.
  return method()

2024-06-25 21:43:17,225:WARNING:C:\Users\User\AppData\Local\Temp\ipykernel_39280\3377408579.py:1: FutureWarning: A value is trying to be set on a copy of a DataFrame or Series through chained assignment using an inplace method.
The behavior will change in pandas 3.0. This inplace method will never work because the intermediate object on which we are setting values always behaves as a copy.

For example, when doing 'df[col].method(value, inplace=True)', try using 'df.method({col: value}, inplace=True)' or df[col] = df[col].method(value) instead, to perform the operation inplace on the original object.


  df['price'].fillna((df['price'].mean()),inplace=True)

2024-06-25 21:43:40,967:WARNING:C:\Users\User\AppData\Local\Temp\ipykernel_39280\775648051.py:1: FutureWarning: A value is trying to be set on a copy of a DataFrame or Series through chained assignment using an inplace method.
The behavior will change in pandas 3.0. This inplace method will never work because the intermediate object on which we are setting values always behaves as a copy.

For example, when doing 'df[col].method(value, inplace=True)', try using 'df.method({col: value}, inplace=True)' or df[col] = df[col].method(value) instead, to perform the operation inplace on the original object.


  df['reviews_per_month'].fillna(0,inplace=True)

2024-06-25 21:43:59,222:WARNING:c:\Users\User\OneDrive\Documentos\GitHub\Inside-Airbnb\.venv\Lib\site-packages\IPython\core\formatters.py:347: FutureWarning: Index.format is deprecated and will be removed in a future version. Convert using index.astype(str) or index.map(formatter) instead.
  return method()

2024-06-25 21:48:12,275:WARNING:c:\Users\User\OneDrive\Documentos\GitHub\Inside-Airbnb\.venv\Lib\site-packages\IPython\core\formatters.py:347: FutureWarning: Index.format is deprecated and will be removed in a future version. Convert using index.astype(str) or index.map(formatter) instead.
  return method()

